<?xml version="1.0" encoding="UTF-8"?>
<!-- Generated by org.testng.reporters.JUnitXMLReporter -->
<testsuite ignored="0" hostname="IBM-592PXJ4" failures="0" tests="9" name="BookingDateTests" time="55.603" errors="0" timestamp="2026-09-09T14:17:42 IST">
  <testcase classname="tests.BookingDateTest" name="availableRoomShown" time="2.224"/>
  <testcase classname="tests.BookingDateTest" name="boundaryDateCase" time="2.008"/>
  <testcase classname="tests.BookingDateTest" name="checkOutBeforeCheckIn" time="2.012"/>
  <testcase classname="tests.BookingDateTest" name="differentDateRangeAccepted" time="2.524"/>
  <testcase classname="tests.BookingDateTest" name="multipleNightBooking" time="1.381"/>
  <testcase classname="tests.BookingDateTest" name="pastDateRejected" time="2.135"/>
  <testcase classname="tests.BookingDateTest" name="sameCheckInCheckOutDate" time="1.961"/>
  <testcase classname="tests.BookingDateTest" name="unavailableRoomShown" time="1.975"/>
  <testcase classname="tests.BookingDateTest" name="validDateSelection" time="2.083"/>
</testsuite> <!-- BookingDateTests -->
