<?xml version="1.0" encoding="UTF-8"?>
<!-- Generated by org.testng.reporters.JUnitXMLReporter -->
<testsuite ignored="0" hostname="IBM-D8ZGBK4" failures="0" tests="10" name="Home Page Tests" time="43.569" errors="0" timestamp="2026-09-10T12:03:04 IST">
  <testcase classname="tests.HomeTest" name="verifyContactNavigation" time="1.003"/>
  <testcase classname="tests.HomeTest" name="verifyFooter" time="0.677"/>
  <testcase classname="tests.HomeTest" name="verifyImportantImages" time="0.641"/>
  <testcase classname="tests.HomeTest" name="verifyImportantLinks" time="0.922"/>
  <testcase classname="tests.HomeTest" name="verifyLogo" time="1.243"/>
  <testcase classname="tests.HomeTest" name="verifyNavigation" time="0.676"/>
  <testcase classname="tests.HomeTest" name="verifyPageLoads" time="0.025"/>
  <testcase classname="tests.HomeTest" name="verifyRoomSection" time="0.608"/>
  <testcase classname="tests.HomeTest" name="verifyRoomsNavigation" time="1.269"/>
  <testcase classname="tests.HomeTest" name="verifyViewportBehavior" time="1.091"/>
</testsuite> <!-- Home Page Tests -->
