<?xml version="1.0" encoding="UTF-8"?>
<testng-results ignored="0" total="10" passed="10" failed="0" skipped="0">
  <reporter-output>
  </reporter-output>
  <suite started-at="2026-09-10T12:02:20 IST" name="Hotel Booking Automation Suite" finished-at="2026-09-10T12:03:04 IST" duration-ms="43569">
    <groups>
    </groups>
    <test started-at="2026-09-10T12:02:20 IST" name="Home Page Tests" finished-at="2026-09-10T12:03:04 IST" duration-ms="43569">
      <class name="tests.HomeTest">
        <test-method is-config="true" signature="setUp()[pri:0, instance:tests.HomeTest@7219ec67]" started-at="2026-09-10T12:02:20 IST" name="setUp" finished-at="2026-09-10T12:02:24 IST" duration-ms="3948" status="PASS">
          <reporter-output>
          </reporter-output>
        </test-method> <!-- setUp -->
        <test-method signature="verifyContactNavigation()[pri:0, instance:tests.HomeTest@7219ec67]" started-at="2026-09-10T12:02:24 IST" name="verifyContactNavigation" finished-at="2026-09-10T12:02:25 IST" duration-ms="1003" status="PASS">
          <reporter-output>
          </reporter-output>
        </test-method> <!-- verifyContactNavigation -->
        <test-method is-config="true" signature="tearDown()[pri:0, instance:tests.HomeTest@7219ec67]" started-at="2026-09-10T12:02:25 IST" name="tearDown" finished-at="2026-09-10T12:02:26 IST" duration-ms="620" status="PASS">
          <reporter-output>
          </reporter-output>
        </test-method> <!-- tearDown -->
        <test-method is-config="true" signature="setUp()[pri:0, instance:tests.HomeTest@7219ec67]" started-at="2026-09-10T12:02:26 IST" name="setUp" finished-at="2026-09-10T12:02:29 IST" duration-ms="3151" status="PASS">
          <reporter-output>
          </reporter-output>
        </test-method> <!-- setUp -->
        <test-method signature="verifyFooter()[pri:0, instance:tests.HomeTest@7219ec67]" started-at="2026-09-10T12:02:29 IST" name="verifyFooter" finished-at="2026-09-10T12:02:30 IST" duration-ms="677" status="PASS">
          <reporter-output>
          </reporter-output>
        </test-method> <!-- verifyFooter -->
        <test-method is-config="true" signature="tearDown()[pri:0, instance:tests.HomeTest@7219ec67]" started-at="2026-09-10T12:02:30 IST" name="tearDown" finished-at="2026-09-10T12:02:30 IST" duration-ms="442" status="PASS">
          <reporter-output>
          </reporter-output>
        </test-method> <!-- tearDown -->
        <test-method is-config="true" signature="setUp()[pri:0, instance:tests.HomeTest@7219ec67]" started-at="2026-09-10T12:02:30 IST" name="setUp" finished-at="2026-09-10T12:02:33 IST" duration-ms="2856" status="PASS">
          <reporter-output>
          </reporter-output>
        </test-method> <!-- setUp -->
        <test-method signature="verifyImportantImages()[pri:0, instance:tests.HomeTest@7219ec67]" started-at="2026-09-10T12:02:33 IST" name="verifyImportantImages" finished-at="2026-09-10T12:02:34 IST" duration-ms="641" status="PASS">
          <reporter-output>
          </reporter-output>
        </test-method> <!-- verifyImportantImages -->
        <test-method is-config="true" signature="tearDown()[pri:0, instance:tests.HomeTest@7219ec67]" started-at="2026-09-10T12:02:34 IST" name="tearDown" finished-at="2026-09-10T12:02:34 IST" duration-ms="414" status="PASS">
          <reporter-output>
          </reporter-output>
        </test-method> <!-- tearDown -->
        <test-method is-config="true" signature="setUp()[pri:0, instance:tests.HomeTest@7219ec67]" started-at="2026-09-10T12:02:34 IST" name="setUp" finished-at="2026-09-10T12:02:37 IST" duration-ms="2696" status="PASS">
          <reporter-output>
          </reporter-output>
        </test-method> <!-- setUp -->
        <test-method signature="verifyImportantLinks()[pri:0, instance:tests.HomeTest@7219ec67]" started-at="2026-09-10T12:02:37 IST" name="verifyImportantLinks" finished-at="2026-09-10T12:02:38 IST" duration-ms="922" status="PASS">
          <reporter-output>
          </reporter-output>
        </test-method> <!-- verifyImportantLinks -->
        <test-method is-config="true" signature="tearDown()[pri:0, instance:tests.HomeTest@7219ec67]" started-at="2026-09-10T12:02:38 IST" name="tearDown" finished-at="2026-09-10T12:02:38 IST" duration-ms="475" status="PASS">
          <reporter-output>
          </reporter-output>
        </test-method> <!-- tearDown -->
        <test-method is-config="true" signature="setUp()[pri:0, instance:tests.HomeTest@7219ec67]" started-at="2026-09-10T12:02:38 IST" name="setUp" finished-at="2026-09-10T12:02:42 IST" duration-ms="3974" status="PASS">
          <reporter-output>
          </reporter-output>
        </test-method> <!-- setUp -->
        <test-method signature="verifyLogo()[pri:0, instance:tests.HomeTest@7219ec67]" started-at="2026-09-10T12:02:42 IST" name="verifyLogo" finished-at="2026-09-10T12:02:43 IST" duration-ms="1243" status="PASS">
          <reporter-output>
          </reporter-output>
        </test-method> <!-- verifyLogo -->
        <test-method is-config="true" signature="tearDown()[pri:0, instance:tests.HomeTest@7219ec67]" started-at="2026-09-10T12:02:43 IST" name="tearDown" finished-at="2026-09-10T12:02:44 IST" duration-ms="466" status="PASS">
          <reporter-output>
          </reporter-output>
        </test-method> <!-- tearDown -->
        <test-method is-config="true" signature="setUp()[pri:0, instance:tests.HomeTest@7219ec67]" started-at="2026-09-10T12:02:44 IST" name="setUp" finished-at="2026-09-10T12:02:46 IST" duration-ms="2468" status="PASS">
          <reporter-output>
          </reporter-output>
        </test-method> <!-- setUp -->
        <test-method signature="verifyNavigation()[pri:0, instance:tests.HomeTest@7219ec67]" started-at="2026-09-10T12:02:46 IST" name="verifyNavigation" finished-at="2026-09-10T12:02:47 IST" duration-ms="676" status="PASS">
          <reporter-output>
          </reporter-output>
        </test-method> <!-- verifyNavigation -->
        <test-method is-config="true" signature="tearDown()[pri:0, instance:tests.HomeTest@7219ec67]" started-at="2026-09-10T12:02:47 IST" name="tearDown" finished-at="2026-09-10T12:02:47 IST" duration-ms="396" status="PASS">
          <reporter-output>
          </reporter-output>
        </test-method> <!-- tearDown -->
        <test-method is-config="true" signature="setUp()[pri:0, instance:tests.HomeTest@7219ec67]" started-at="2026-09-10T12:02:47 IST" name="setUp" finished-at="2026-09-10T12:02:50 IST" duration-ms="2372" status="PASS">
          <reporter-output>
          </reporter-output>
        </test-method> <!-- setUp -->
        <test-method signature="verifyPageLoads()[pri:0, instance:tests.HomeTest@7219ec67]" started-at="2026-09-10T12:02:50 IST" name="verifyPageLoads" finished-at="2026-09-10T12:02:50 IST" duration-ms="25" status="PASS">
          <reporter-output>
          </reporter-output>
        </test-method> <!-- verifyPageLoads -->
        <test-method is-config="true" signature="tearDown()[pri:0, instance:tests.HomeTest@7219ec67]" started-at="2026-09-10T12:02:50 IST" name="tearDown" finished-at="2026-09-10T12:02:50 IST" duration-ms="313" status="PASS">
          <reporter-output>
          </reporter-output>
        </test-method> <!-- tearDown -->
        <test-method is-config="true" signature="setUp()[pri:0, instance:tests.HomeTest@7219ec67]" started-at="2026-09-10T12:02:50 IST" name="setUp" finished-at="2026-09-10T12:02:53 IST" duration-ms="2615" status="PASS">
          <reporter-output>
          </reporter-output>
        </test-method> <!-- setUp -->
        <test-method signature="verifyRoomSection()[pri:0, instance:tests.HomeTest@7219ec67]" started-at="2026-09-10T12:02:53 IST" name="verifyRoomSection" finished-at="2026-09-10T12:02:53 IST" duration-ms="608" status="PASS">
          <reporter-output>
          </reporter-output>
        </test-method> <!-- verifyRoomSection -->
        <test-method is-config="true" signature="tearDown()[pri:0, instance:tests.HomeTest@7219ec67]" started-at="2026-09-10T12:02:53 IST" name="tearDown" finished-at="2026-09-10T12:02:54 IST" duration-ms="403" status="PASS">
          <reporter-output>
          </reporter-output>
        </test-method> <!-- tearDown -->
        <test-method is-config="true" signature="setUp()[pri:0, instance:tests.HomeTest@7219ec67]" started-at="2026-09-10T12:02:54 IST" name="setUp" finished-at="2026-09-10T12:02:58 IST" duration-ms="4576" status="PASS">
          <reporter-output>
          </reporter-output>
        </test-method> <!-- setUp -->
        <test-method signature="verifyRoomsNavigation()[pri:0, instance:tests.HomeTest@7219ec67]" started-at="2026-09-10T12:02:58 IST" name="verifyRoomsNavigation" finished-at="2026-09-10T12:02:59 IST" duration-ms="1269" status="PASS">
          <reporter-output>
          </reporter-output>
        </test-method> <!-- verifyRoomsNavigation -->
        <test-method is-config="true" signature="tearDown()[pri:0, instance:tests.HomeTest@7219ec67]" started-at="2026-09-10T12:02:59 IST" name="tearDown" finished-at="2026-09-10T12:03:00 IST" duration-ms="422" status="PASS">
          <reporter-output>
          </reporter-output>
        </test-method> <!-- tearDown -->
        <test-method is-config="true" signature="setUp()[pri:0, instance:tests.HomeTest@7219ec67]" started-at="2026-09-10T12:03:00 IST" name="setUp" finished-at="2026-09-10T12:03:02 IST" duration-ms="2233" status="PASS">
          <reporter-output>
          </reporter-output>
        </test-method> <!-- setUp -->
        <test-method signature="verifyViewportBehavior()[pri:0, instance:tests.HomeTest@7219ec67]" started-at="2026-09-10T12:03:02 IST" name="verifyViewportBehavior" finished-at="2026-09-10T12:03:03 IST" duration-ms="1091" status="PASS">
          <reporter-output>
          </reporter-output>
        </test-method> <!-- verifyViewportBehavior -->
        <test-method is-config="true" signature="tearDown()[pri:0, instance:tests.HomeTest@7219ec67]" started-at="2026-09-10T12:03:03 IST" name="tearDown" finished-at="2026-09-10T12:03:04 IST" duration-ms="496" status="PASS">
          <reporter-output>
          </reporter-output>
        </test-method> <!-- tearDown -->
      </class> <!-- tests.HomeTest -->
    </test> <!-- Home Page Tests -->
  </suite> <!-- Hotel Booking Automation Suite -->
</testng-results>
