<?xml version="1.0" encoding="UTF-8"?>
<!-- Generated by org.testng.reporters.JUnitReportReporter -->
<testsuite hostname="IBM-592PXJ4" failures="0" tests="9" name="tests.BookingDateTest" time="55.482" errors="0" timestamp="2026-09-09T14:17:43 IST" skipped="0">
  <testcase classname="tests.BookingDateTest" name="validDateSelection" time="5.706"/>
  <testcase classname="tests.BookingDateTest" name="pastDateRejected" time="6.934"/>
  <testcase classname="tests.BookingDateTest" name="unavailableRoomShown" time="7.087"/>
  <testcase classname="tests.BookingDateTest" name="checkOutBeforeCheckIn" time="5.774"/>
  <testcase classname="tests.BookingDateTest" name="availableRoomShown" time="5.478"/>
  <testcase classname="tests.BookingDateTest" name="differentDateRangeAccepted" time="7.327"/>
  <testcase classname="tests.BookingDateTest" name="multipleNightBooking" time="4.685"/>
  <testcase classname="tests.BookingDateTest" name="boundaryDateCase" time="5.533"/>
  <testcase classname="tests.BookingDateTest" name="sameCheckInCheckOutDate" time="6.958"/>
</testsuite> <!-- tests.BookingDateTest -->
