<?xml version="1.0" encoding="UTF-8"?>
<!-- Generated by org.testng.reporters.JUnitReportReporter -->
<testsuite hostname="IBM-D8ZGBK4" failures="0" tests="10" name="tests.HomeTest" time="43.491" errors="0" timestamp="2026-09-10T12:03:04 IST" skipped="0">
  <testcase classname="tests.HomeTest" name="verifyFooter" time="5.091"/>
  <testcase classname="tests.HomeTest" name="verifyLogo" time="4.029"/>
  <testcase classname="tests.HomeTest" name="verifyPageLoads" time="3.598"/>
  <testcase classname="tests.HomeTest" name="verifyRoomSection" time="3.316"/>
  <testcase classname="tests.HomeTest" name="verifyContactNavigation" time="4.014"/>
  <testcase classname="tests.HomeTest" name="verifyRoomsNavigation" time="4.050"/>
  <testcase classname="tests.HomeTest" name="verifyImportantImages" time="3.833"/>
  <testcase classname="tests.HomeTest" name="verifyViewportBehavior" time="4.389"/>
  <testcase classname="tests.HomeTest" name="verifyImportantLinks" time="6.118"/>
  <testcase classname="tests.HomeTest" name="verifyNavigation" time="5.053"/>
</testsuite> <!-- tests.HomeTest -->
